============================= test session starts ==============================
platform darwin -- Python 3.10.19, pytest-9.0.2, pluggy-1.6.0 -- /local/path
cachedir: .pytest_cache
rootdir: /local/path
configfile: pyproject.toml
testpaths: tests
plugins: anyio-4.12.1, cov-7.0.0
collecting ... collected 54 items

tests/test_algebra.py::test_l2_scan_and_protected_set_returns_expected_witness PASSED [  1%]
tests/test_algebra.py::test_protected_set_infeasible_when_no_pivot_exists PASSED [  3%]
tests/test_algebra.py::test_compose_associativity_on_weight_frontier PASSED [  5%]
tests/test_algebra_properties.py::test_l2_scan_matches_bruteforce_frontier_and_provenance PASSED [  7%]
tests/test_algebra_properties.py::test_protected_set_matches_bruteforce_k_slot PASSED [  9%]
tests/test_benchmark_harness.py::test_build_variant_messages_has_expected_shape PASSED [ 11%]
tests/test_benchmark_harness.py::test_replay_outputs_rows_for_each_policy_fraction_variant PASSED [ 12%]
tests/test_benchmark_harness.py::test_l2_guarded_beats_recency_on_primary_at_high_compression PASSED [ 14%]
tests/test_benchmark_harness.py::test_replay_cli_writes_expected_bundle PASSED [ 16%]
tests/test_certificate.py::test_certificate_matches_public_dreams_fixture_shape PASSED [ 18%]
tests/test_certificate.py::test_certificate_cli_writes_expected_shape PASSED [ 20%]
tests/test_compactor.py::test_evict_recency_keeps_newest_chunks PASSED   [ 22%]
tests/test_compactor.py::test_l2_guarded_keeps_protected_before_filler PASSED [ 24%]
tests/test_compactor.py::test_l2_guarded_reports_breach_when_budget_too_small PASSED [ 25%]
tests/test_compactor.py::test_l2_guarded_breach_uses_protected_priority_order PASSED [ 27%]
tests/test_compat.py::test_tropical_compactor_alias_warns_and_calls_server PASSED [ 29%]
tests/test_compat.py::test_tropical_compactor_replay_alias_warns_and_calls_replay PASSED [ 31%]
tests/test_compat.py::test_tropical_compactor_full_validate_alias_warns_and_calls_validation PASSED [ 33%]
tests/test_docs_examples.py::test_codex_example_bundle_exists PASSED     [ 35%]
tests/test_docs_examples.py::test_codex_example_config_is_consistent PASSED [ 37%]
tests/test_docs_examples.py::test_codex_docs_reference_current_registration_flow PASSED [ 38%]
tests/test_policy_invariance.py::test_policy_invariance_matches_golden_fixture PASSED [ 40%]
tests/test_runtime.py::test_runtime_resolves_explicit_codex_path PASSED  [ 42%]
tests/test_runtime.py::test_runtime_resolves_explicit_claude_path PASSED [ 44%]
tests/test_runtime.py::test_runtime_auto_detects_codex PASSED            [ 46%]
tests/test_runtime.py::test_runtime_generic_fallback_uses_xdg_state_home PASSED [ 48%]
tests/test_runtime.py::test_runtime_explicit_override_beats_default_path PASSED [ 50%]
tests/test_runtime.py::test_runtime_can_disable_telemetry PASSED         [ 51%]
tests/test_runtime.py::test_runtime_info_reports_shape PASSED            [ 53%]
tests/test_server_tools.py::test_messages_to_chunks_normalizes_content_and_ids PASSED [ 55%]
tests/test_server_tools.py::test_tag_tool_returns_role_annotations PASSED [ 57%]
tests/test_server_tools.py::test_inspect_tool_reports_feasible_k_arc PASSED [ 59%]
tests/test_server_tools.py::test_compact_l2_guarded_preserves_protected_ids_under_budget PASSED [ 61%]
tests/test_server_tools.py::test_compact_recency_policy_and_invalid_policy_handling PASSED [ 62%]
tests/test_server_tools.py::test_role_hint_override_is_respected_through_server_path PASSED [ 64%]
tests/test_server_tools.py::test_guard_effective_requires_feasible_k_slot PASSED [ 66%]
tests/test_server_tools.py::test_inspect_horizon_reports_feasible_slots PASSED [ 68%]
tests/test_server_tools.py::test_compact_auto_adaptive_selects_highest_feasible_k PASSED [ 70%]
tests/test_server_tools.py::test_compact_auto_budget_aware_k_selection PASSED [ 72%]
tests/test_server_tools.py::test_compact_auto_strict_keeps_context_on_infeasible_target PASSED [ 74%]
tests/test_server_tools.py::test_compact_iterative_guarded_reports_iterative_audit_fields PASSED [ 75%]
tests/test_server_tools.py::test_l2_guarded_reports_feasible_before_and_after PASSED [ 77%]
tests/test_server_tools.py::test_retention_floor_returns_model_outputs PASSED [ 79%]
tests/test_server_tools.py::test_diagnose_combines_tag_and_horizon PASSED [ 81%]
tests/test_server_tools.py::test_inspect_returns_k_max_feasible PASSED   [ 83%]
tests/test_server_tools.py::test_pivot_first_conversation_pattern_reaches_feasible_k PASSED [ 85%]
tests/test_server_tools.py::test_pivot_first_with_interleaved_noise_still_feasible PASSED [ 87%]
tests/test_tagger.py::test_role_hint_overrides_heuristics PASSED         [ 88%]
tests/test_tagger.py::test_heuristic_pivot_and_predecessor_signals PASSED [ 90%]
tests/test_tagger.py::test_noise_when_no_signal_present PASSED           [ 92%]
tests/test_tagger.py::test_structural_signals_add_confidence PASSED      [ 94%]
tests/test_validation.py::test_validation_fixture_refs_are_repo_relative PASSED [ 96%]
tests/test_validation.py::test_telemetry_write_failure_emits_warning PASSED [ 98%]
tests/test_validation.py::test_validation_main_emits_public_report PASSED [100%]

============================== 54 passed in 1.78s ==============================
