============================= test session starts ==============================
platform darwin -- Python 3.10.19, pytest-9.0.2, pluggy-1.6.0 -- /local/path
cachedir: .pytest_cache
rootdir: /local/path
configfile: pyproject.toml
testpaths: tests
plugins: anyio-4.12.1, cov-7.0.0
collecting ... collected 61 items

tests/test_algebra.py::test_l2_scan_and_protected_set_returns_expected_witness PASSED [  1%]
tests/test_algebra.py::test_protected_set_infeasible_when_no_pivot_exists PASSED [  3%]
tests/test_algebra.py::test_compose_associativity_on_weight_frontier PASSED [  4%]
tests/test_algebra_properties.py::test_l2_scan_matches_bruteforce_frontier_and_provenance PASSED [  6%]
tests/test_algebra_properties.py::test_protected_set_matches_bruteforce_k_slot PASSED [  8%]
tests/test_benchmark_harness.py::test_build_variant_messages_has_expected_shape PASSED [  9%]
tests/test_benchmark_harness.py::test_replay_outputs_rows_for_each_policy_fraction_variant PASSED [ 11%]
tests/test_benchmark_harness.py::test_l2_guarded_beats_recency_on_primary_at_high_compression PASSED [ 13%]
tests/test_benchmark_harness.py::test_replay_cli_writes_expected_bundle PASSED [ 14%]
tests/test_certificate.py::test_certificate_matches_public_dreams_fixture_shape PASSED [ 16%]
tests/test_certificate.py::test_certificate_cli_writes_expected_shape PASSED [ 18%]
tests/test_compactor.py::test_evict_recency_keeps_newest_chunks PASSED   [ 19%]
tests/test_compactor.py::test_l2_guarded_keeps_protected_before_filler PASSED [ 21%]
tests/test_compactor.py::test_l2_guarded_reports_breach_when_budget_too_small PASSED [ 22%]
tests/test_compactor.py::test_l2_guarded_breach_uses_protected_priority_order PASSED [ 24%]
tests/test_compat.py::test_tropical_compactor_alias_warns_and_calls_server PASSED [ 26%]
tests/test_compat.py::test_tropical_compactor_replay_alias_warns_and_calls_replay PASSED [ 27%]
tests/test_compat.py::test_tropical_compactor_full_validate_alias_warns_and_calls_validation PASSED [ 29%]
tests/test_docs_examples.py::test_codex_example_bundle_exists PASSED     [ 31%]
tests/test_docs_examples.py::test_codex_example_config_is_consistent PASSED [ 32%]
tests/test_docs_examples.py::test_codex_docs_reference_current_registration_flow PASSED [ 34%]
tests/test_policy_invariance.py::test_policy_invariance_matches_golden_fixture PASSED [ 36%]
tests/test_runtime.py::test_runtime_resolves_explicit_codex_path PASSED  [ 37%]
tests/test_runtime.py::test_runtime_resolves_explicit_claude_path PASSED [ 39%]
tests/test_runtime.py::test_runtime_auto_detects_codex PASSED            [ 40%]
tests/test_runtime.py::test_runtime_generic_fallback_uses_xdg_state_home PASSED [ 42%]
tests/test_runtime.py::test_runtime_explicit_override_beats_default_path PASSED [ 44%]
tests/test_runtime.py::test_runtime_can_disable_telemetry PASSED         [ 45%]
tests/test_runtime.py::test_runtime_generates_process_run_id_when_absent PASSED [ 47%]
tests/test_runtime.py::test_runtime_honors_explicit_run_id PASSED        [ 49%]
tests/test_runtime.py::test_runtime_info_reports_shape PASSED            [ 50%]
tests/test_server_tools.py::test_messages_to_chunks_normalizes_content_and_ids PASSED [ 52%]
tests/test_server_tools.py::test_tag_tool_returns_role_annotations PASSED [ 54%]
tests/test_server_tools.py::test_inspect_tool_reports_feasible_k_arc PASSED [ 55%]
tests/test_server_tools.py::test_compact_l2_guarded_preserves_protected_ids_under_budget PASSED [ 57%]
tests/test_server_tools.py::test_compact_recency_policy_and_invalid_policy_handling PASSED [ 59%]
tests/test_server_tools.py::test_role_hint_override_is_respected_through_server_path PASSED [ 60%]
tests/test_server_tools.py::test_guard_effective_requires_feasible_k_slot PASSED [ 62%]
tests/test_server_tools.py::test_inspect_horizon_reports_feasible_slots PASSED [ 63%]
tests/test_server_tools.py::test_context_anchor_returns_paste_ready_anchor PASSED [ 65%]
tests/test_server_tools.py::test_context_anchor_falls_back_to_best_available_witness PASSED [ 67%]
tests/test_server_tools.py::test_compact_auto_adaptive_selects_highest_feasible_k PASSED [ 68%]
tests/test_server_tools.py::test_compact_auto_budget_aware_k_selection PASSED [ 70%]
tests/test_server_tools.py::test_compact_auto_strict_keeps_context_on_infeasible_target PASSED [ 72%]
tests/test_server_tools.py::test_compact_iterative_guarded_reports_iterative_audit_fields PASSED [ 73%]
tests/test_server_tools.py::test_l2_guarded_reports_feasible_before_and_after PASSED [ 75%]
tests/test_server_tools.py::test_retention_floor_returns_model_outputs PASSED [ 77%]
tests/test_server_tools.py::test_diagnose_combines_tag_and_horizon PASSED [ 78%]
tests/test_server_tools.py::test_inspect_returns_k_max_feasible PASSED   [ 80%]
tests/test_server_tools.py::test_pivot_first_conversation_pattern_reaches_feasible_k PASSED [ 81%]
tests/test_server_tools.py::test_pivot_first_with_interleaved_noise_still_feasible PASSED [ 83%]
tests/test_server_tools.py::test_telemetry_summary_uses_latest_run_and_reports_recent_tools PASSED [ 85%]
tests/test_server_tools.py::test_certificate_telemetry_includes_context_fields PASSED [ 86%]
tests/test_tagger.py::test_role_hint_overrides_heuristics PASSED         [ 88%]
tests/test_tagger.py::test_heuristic_pivot_and_predecessor_signals PASSED [ 90%]
tests/test_tagger.py::test_noise_when_no_signal_present PASSED           [ 91%]
tests/test_tagger.py::test_structural_signals_add_confidence PASSED      [ 93%]
tests/test_telemetry_cli.py::test_telemetry_cli_prints_summary PASSED    [ 95%]
tests/test_validation.py::test_validation_fixture_refs_are_repo_relative PASSED [ 96%]
tests/test_validation.py::test_telemetry_write_failure_emits_warning PASSED [ 98%]
tests/test_validation.py::test_validation_main_emits_public_report PASSED [100%]

============================== 61 passed in 1.79s ==============================
